<?xml version="1.0" encoding="UTF-8"?>
<testng-results ignored="0" total="3" passed="3" failed="0" skipped="0">
  <reporter-output>
  </reporter-output>
  <suite started-at="2026-04-20T11:50:02 IST" name="Default suite" finished-at="2026-04-20T11:50:16 IST" duration-ms="14113">
    <groups>
    </groups>
    <test started-at="2026-04-20T11:50:02 IST" name="Default test" finished-at="2026-04-20T11:50:16 IST" duration-ms="14113">
      <class name="NewTest">
        <test-method is-config="true" signature="beforeTest()[pri:0, instance:NewTest@1aafa419]" started-at="2026-04-20T11:50:02 IST" name="beforeTest" finished-at="2026-04-20T11:50:06 IST" duration-ms="4075" status="PASS">
          <reporter-output>
          </reporter-output>
        </test-method> <!-- beforeTest -->
        <test-method signature="correct()[pri:1, instance:NewTest@1aafa419]" started-at="2026-04-20T11:50:06 IST" name="correct" finished-at="2026-04-20T11:50:08 IST" duration-ms="2225" status="PASS">
          <reporter-output>
          </reporter-output>
        </test-method> <!-- correct -->
        <test-method is-config="true" signature="afterTest()[pri:0, instance:NewTest@1aafa419]" started-at="2026-04-20T11:50:08 IST" name="afterTest" finished-at="2026-04-20T11:50:09 IST" duration-ms="579" status="PASS">
          <reporter-output>
          </reporter-output>
        </test-method> <!-- afterTest -->
        <test-method is-config="true" signature="beforeTest()[pri:0, instance:NewTest@1aafa419]" started-at="2026-04-20T11:50:09 IST" name="beforeTest" finished-at="2026-04-20T11:50:12 IST" duration-ms="2759" status="PASS">
          <reporter-output>
          </reporter-output>
        </test-method> <!-- beforeTest -->
        <test-method signature="incorrect()[pri:2, instance:NewTest@1aafa419]" started-at="2026-04-20T11:50:12 IST" name="incorrect" finished-at="2026-04-20T11:50:13 IST" duration-ms="1479" status="PASS">
          <reporter-output>
          </reporter-output>
        </test-method> <!-- incorrect -->
        <test-method is-config="true" signature="afterTest()[pri:0, instance:NewTest@1aafa419]" started-at="2026-04-20T11:50:13 IST" name="afterTest" finished-at="2026-04-20T11:50:14 IST" duration-ms="260" status="PASS">
          <reporter-output>
          </reporter-output>
        </test-method> <!-- afterTest -->
        <test-method is-config="true" signature="beforeTest()[pri:0, instance:NewTest@1aafa419]" started-at="2026-04-20T11:50:14 IST" name="beforeTest" finished-at="2026-04-20T11:50:16 IST" duration-ms="1972" status="PASS">
          <reporter-output>
          </reporter-output>
        </test-method> <!-- beforeTest -->
        <test-method signature="wrong()[pri:3, instance:NewTest@1aafa419]" started-at="2026-04-20T11:50:16 IST" name="wrong" finished-at="2026-04-20T11:50:16 IST" duration-ms="476" status="PASS">
          <reporter-output>
          </reporter-output>
        </test-method> <!-- wrong -->
        <test-method is-config="true" signature="afterTest()[pri:0, instance:NewTest@1aafa419]" started-at="2026-04-20T11:50:16 IST" name="afterTest" finished-at="2026-04-20T11:50:16 IST" duration-ms="227" status="PASS">
          <reporter-output>
          </reporter-output>
        </test-method> <!-- afterTest -->
      </class> <!-- NewTest -->
    </test> <!-- Default test -->
  </suite> <!-- Default suite -->
</testng-results>
