<?xml version="1.0" encoding="UTF-8"?>
<testng-results ignored="0" total="3" passed="3" failed="0" skipped="0">
  <reporter-output>
  </reporter-output>
  <suite started-at="2026-04-20T20:53:14 IST" name="Suite" finished-at="2026-04-20T20:53:21 IST" duration-ms="7353">
    <groups>
    </groups>
    <test started-at="2026-04-20T20:53:14 IST" name="Test" finished-at="2026-04-20T20:53:21 IST" duration-ms="7353">
      <class name="parameter1.paraDemo">
        <test-method is-config="true" signature="setup(java.lang.String,java.lang.String)[pri:0, instance:parameter1.paraDemo@313ac989]" started-at="2026-04-20T20:53:14 IST" name="setup" finished-at="2026-04-20T20:53:17 IST" duration-ms="3542" status="PASS">
          <params>
            <param index="0">
              <value>
                <![CDATA[chrome]]>
              </value>
            </param>
            <param index="1">
              <value>
                <![CDATA[https://demoblaze.com/#]]>
              </value>
            </param>
          </params>
          <reporter-output>
          </reporter-output>
        </test-method> <!-- setup -->
        <test-method is-config="true" signature="setup(java.lang.String,java.lang.String)[pri:0, instance:parameter1.paraDemo@313ac989]" started-at="2026-04-20T20:53:14 IST" name="setup" finished-at="2026-04-20T20:53:17 IST" duration-ms="3338" status="PASS">
          <params>
            <param index="0">
              <value>
                <![CDATA[chrome]]>
              </value>
            </param>
            <param index="1">
              <value>
                <![CDATA[https://demoblaze.com/#]]>
              </value>
            </param>
          </params>
          <reporter-output>
          </reporter-output>
        </test-method> <!-- setup -->
        <test-method is-config="true" signature="setup(java.lang.String,java.lang.String)[pri:0, instance:parameter1.paraDemo@313ac989]" started-at="2026-04-20T20:53:14 IST" name="setup" finished-at="2026-04-20T20:53:16 IST" duration-ms="2338" status="PASS">
          <params>
            <param index="0">
              <value>
                <![CDATA[chrome]]>
              </value>
            </param>
            <param index="1">
              <value>
                <![CDATA[https://demoblaze.com/#]]>
              </value>
            </param>
          </params>
          <reporter-output>
          </reporter-output>
        </test-method> <!-- setup -->
        <test-method signature="invalidLogin(java.lang.String,java.lang.String)[pri:0, instance:parameter1.paraDemo@313ac989]" started-at="2026-04-20T20:53:16 IST" name="invalidLogin" data-provider="testData" finished-at="2026-04-20T20:53:17 IST" duration-ms="1315" status="PASS">
          <params>
            <param index="0">
              <value>
                <![CDATA[jeevs]]>
              </value>
            </param>
            <param index="1">
              <value>
                <![CDATA[123]]>
              </value>
            </param>
          </params>
          <reporter-output>
          </reporter-output>
        </test-method> <!-- invalidLogin -->
        <test-method signature="invalidLogin(java.lang.String,java.lang.String)[pri:0, instance:parameter1.paraDemo@313ac989]" started-at="2026-04-20T20:53:17 IST" name="invalidLogin" data-provider="testData" finished-at="2026-04-20T20:53:18 IST" duration-ms="839" status="PASS">
          <params>
            <param index="0">
              <value>
                <![CDATA[wrongUser2]]>
              </value>
            </param>
            <param index="1">
              <value>
                <![CDATA[456]]>
              </value>
            </param>
          </params>
          <reporter-output>
          </reporter-output>
        </test-method> <!-- invalidLogin -->
        <test-method signature="validLogin(java.lang.String,java.lang.String)[pri:0, instance:parameter1.paraDemo@313ac989]" started-at="2026-04-20T20:53:17 IST" name="validLogin" finished-at="2026-04-20T20:53:20 IST" duration-ms="3317" status="PASS">
          <params>
            <param index="0">
              <value>
                <![CDATA[jeevs]]>
              </value>
            </param>
            <param index="1">
              <value>
                <![CDATA[1234567890]]>
              </value>
            </param>
          </params>
          <reporter-output>
          </reporter-output>
        </test-method> <!-- validLogin -->
        <test-method is-config="true" signature="tearDown()[pri:0, instance:parameter1.paraDemo@313ac989]" started-at="2026-04-20T20:53:17 IST" name="tearDown" finished-at="2026-04-20T20:53:19 IST" duration-ms="2105" status="PASS">
          <reporter-output>
          </reporter-output>
        </test-method> <!-- tearDown -->
        <test-method is-config="true" signature="tearDown()[pri:0, instance:parameter1.paraDemo@313ac989]" started-at="2026-04-20T20:53:18 IST" name="tearDown" finished-at="2026-04-20T20:53:19 IST" duration-ms="1563" status="PASS">
          <reporter-output>
          </reporter-output>
        </test-method> <!-- tearDown -->
        <test-method is-config="true" signature="tearDown()[pri:0, instance:parameter1.paraDemo@313ac989]" started-at="2026-04-20T20:53:20 IST" name="tearDown" finished-at="2026-04-20T20:53:21 IST" duration-ms="392" status="PASS">
          <reporter-output>
          </reporter-output>
        </test-method> <!-- tearDown -->
      </class> <!-- parameter1.paraDemo -->
    </test> <!-- Test -->
  </suite> <!-- Suite -->
</testng-results>
