<?xml version="1.0" encoding="UTF-8"?>
<testng-results ignored="0" total="1" passed="1" failed="0" skipped="0">
  <reporter-output>
  </reporter-output>
  <suite started-at="2026-04-21T12:14:06 IST" name="Suite" finished-at="2026-04-21T12:14:11 IST" duration-ms="5342">
    <groups>
    </groups>
    <test started-at="2026-04-21T12:14:06 IST" name="Test" finished-at="2026-04-21T12:14:11 IST" duration-ms="5342">
      <class name="DataProvider.dataprovider1">
        <test-method is-config="true" signature="SetUp()[pri:0, instance:DataProvider.dataprovider1@49e53c76]" started-at="2026-04-21T12:14:06 IST" name="SetUp" finished-at="2026-04-21T12:14:07 IST" duration-ms="1483" status="PASS">
          <reporter-output>
          </reporter-output>
        </test-method> <!-- SetUp -->
        <test-method signature="search(java.lang.String)[pri:0, instance:DataProvider.dataprovider1@49e53c76]" started-at="2026-04-21T12:14:07 IST" name="search" data-provider="testData" finished-at="2026-04-21T12:14:11 IST" duration-ms="3429" status="PASS">
          <params>
            <param index="0">
              <value>
                <![CDATA[Selenium]]>
              </value>
            </param>
          </params>
          <reporter-output>
          </reporter-output>
        </test-method> <!-- search -->
        <test-method is-config="true" signature="teardown()[pri:0, instance:DataProvider.dataprovider1@49e53c76]" started-at="2026-04-21T12:14:11 IST" name="teardown" finished-at="2026-04-21T12:14:11 IST" duration-ms="330" status="PASS">
          <reporter-output>
          </reporter-output>
        </test-method> <!-- teardown -->
      </class> <!-- DataProvider.dataprovider1 -->
    </test> <!-- Test -->
  </suite> <!-- Suite -->
</testng-results>
