<?xml version="1.0" encoding="UTF-8"?>
<!-- Generated by org.testng.reporters.JUnitXMLReporter -->
<testsuite ignored="1" hostname="Prasanna" failures="1" tests="1" name="Test(failed)" time="14.694" errors="0" timestamp="2026-04-29T20:31:31 IST">
  <testcase classname="demo.tests.LoginTest" name="loginValid" time="3.077">
    <failure type="java.lang.AssertionError" message="Valid login failed! expected [blocks] but found [block]">
      <![CDATA[java.lang.AssertionError: Valid login failed! expected [blocks] but found [block]
at demo.tests.LoginTest.loginValid(LoginTest.java:17)
at java.base/java.util.ArrayList.forEach(ArrayList.java:1596)
... Removed 30 stack frames]]>
    </failure>
  </testcase> <!-- loginValid -->
  <testcase classname="demo.tests.LoginTest" name="loginInValid" time="0.0">
    <ignored/>
  </testcase> <!-- loginInValid -->
</testsuite> <!-- Test(failed) -->
