<?xml version="1.0" encoding="UTF-8"?>
<!-- Generated by org.testng.reporters.JUnitXMLReporter -->
<testsuite ignored="2" hostname="Tony" failures="0" tests="1" name="Default test(failed)(failed)" time="11.177" errors="0" timestamp="2026-04-22T14:33:41 IST">
  <testcase classname="NewTest" name="incorrect" time="1.816"/>
  <testcase classname="NewTest" name="correct" time="0.0">
    <ignored/>
  </testcase> <!-- correct -->
  <testcase classname="NewTest" name="wrong" time="0.0">
    <ignored/>
  </testcase> <!-- wrong -->
</testsuite> <!-- Default test(failed)(failed) -->
