<?xml version="1.0" encoding="UTF-8"?>
<testng-results ignored="0" total="1" passed="1" failed="0" skipped="0">
  <reporter-output>
  </reporter-output>
  <suite started-at="2026-04-28T13:02:31 IST" name="Default suite" finished-at="2026-04-28T13:02:59 IST" duration-ms="27394">
    <groups>
    </groups>
    <test started-at="2026-04-28T13:02:31 IST" name="Default test" finished-at="2026-04-28T13:02:59 IST" duration-ms="27394">
      <class name="com.test.dashBoardTest">
        <test-method is-config="true" signature="setup()[pri:0, instance:com.test.dashBoardTest@5aa9e4eb]" started-at="2026-04-28T13:02:31 IST" name="setup" finished-at="2026-04-28T13:02:48 IST" duration-ms="16191" status="PASS">
          <reporter-output>
          </reporter-output>
        </test-method> <!-- setup -->
        <test-method signature="dashboardTest()[pri:0, instance:com.test.dashBoardTest@5aa9e4eb]" started-at="2026-04-28T13:02:48 IST" name="dashboardTest" finished-at="2026-04-28T13:02:55 IST" duration-ms="6953" status="PASS">
          <reporter-output>
          </reporter-output>
        </test-method> <!-- dashboardTest -->
        <test-method is-config="true" signature="close()[pri:0, instance:com.test.dashBoardTest@5aa9e4eb]" started-at="2026-04-28T13:02:55 IST" name="close" finished-at="2026-04-28T13:02:59 IST" duration-ms="4159" status="PASS">
          <reporter-output>
          </reporter-output>
        </test-method> <!-- close -->
      </class> <!-- com.test.dashBoardTest -->
    </test> <!-- Default test -->
  </suite> <!-- Default suite -->
</testng-results>
