<?xml version="1.0" encoding="UTF-8"?>
<testng-results ignored="0" total="1" passed="1" failed="0" skipped="0">
  <reporter-output>
  </reporter-output>
  <suite started-at="2026-04-28T10:49:10 IST" name="Suite" finished-at="2026-04-28T10:49:16 IST" duration-ms="5635">
    <groups>
    </groups>
    <test started-at="2026-04-28T10:49:10 IST" name="Test" finished-at="2026-04-28T10:49:16 IST" duration-ms="5635">
      <class name="com.test.demotest">
        <test-method is-config="true" signature="beforeTest()[pri:0, instance:com.test.demotest@10a9d961]" started-at="2026-04-28T10:49:10 IST" name="beforeTest" finished-at="2026-04-28T10:49:13 IST" duration-ms="2363" status="PASS">
          <reporter-output>
          </reporter-output>
        </test-method> <!-- beforeTest -->
        <test-method signature="loginTest()[pri:0, instance:com.test.demotest@10a9d961]" started-at="2026-04-28T10:49:13 IST" name="loginTest" finished-at="2026-04-28T10:49:15 IST" duration-ms="2662" status="PASS">
          <reporter-output>
          </reporter-output>
        </test-method> <!-- loginTest -->
        <test-method is-config="true" signature="afterTest()[pri:0, instance:com.test.demotest@10a9d961]" started-at="2026-04-28T10:49:15 IST" name="afterTest" finished-at="2026-04-28T10:49:16 IST" duration-ms="558" status="PASS">
          <reporter-output>
          </reporter-output>
        </test-method> <!-- afterTest -->
      </class> <!-- com.test.demotest -->
    </test> <!-- Test -->
  </suite> <!-- Suite -->
</testng-results>
