<?xml version="1.0" encoding="UTF-8"?>
<testng-results ignored="0" total="1" passed="1" failed="0" skipped="0">
  <reporter-output>
  </reporter-output>
  <suite started-at="2026-04-28T10:23:58 IST" name="Default suite" finished-at="2026-04-28T10:24:04 IST" duration-ms="5692">
    <groups>
    </groups>
    <test started-at="2026-04-28T10:23:58 IST" name="Default test" finished-at="2026-04-28T10:24:04 IST" duration-ms="5692">
      <class name="com.test.demotest">
        <test-method is-config="true" signature="beforeTest()[pri:0, instance:com.test.demotest@10a9d961]" started-at="2026-04-28T10:23:58 IST" name="beforeTest" finished-at="2026-04-28T10:24:01 IST" duration-ms="2319" status="PASS">
          <reporter-output>
          </reporter-output>
        </test-method> <!-- beforeTest -->
        <test-method signature="loginTest()[pri:0, instance:com.test.demotest@10a9d961]" started-at="2026-04-28T10:24:01 IST" name="loginTest" finished-at="2026-04-28T10:24:04 IST" duration-ms="2909" status="PASS">
          <reporter-output>
          </reporter-output>
        </test-method> <!-- loginTest -->
        <test-method is-config="true" signature="afterTest()[pri:0, instance:com.test.demotest@10a9d961]" started-at="2026-04-28T10:24:04 IST" name="afterTest" finished-at="2026-04-28T10:24:04 IST" duration-ms="408" status="PASS">
          <reporter-output>
          </reporter-output>
        </test-method> <!-- afterTest -->
      </class> <!-- com.test.demotest -->
    </test> <!-- Default test -->
  </suite> <!-- Default suite -->
</testng-results>
