<?xml version="1.0" encoding="UTF-8"?>
<!-- Generated by org.testng.reporters.JUnitReportReporter -->
<testsuite hostname="Tony" failures="0" tests="3" name="parameter1.paraDemo" time="18.749" errors="0" timestamp="2026-04-20T20:53:21 IST" skipped="0">
  <testcase classname="parameter1.paraDemo" name="invalidLogin" time="6.758"/>
  <testcase classname="parameter1.paraDemo" name="invalidLogin" time="5.944"/>
  <testcase classname="parameter1.paraDemo" name="validLogin" time="6.047"/>
</testsuite> <!-- parameter1.paraDemo -->
