<?xml version="1.0" encoding="UTF-8"?>
<!-- Generated by org.testng.reporters.JUnitReportReporter -->
<testsuite hostname="Tony" failures="0" tests="3" name="DataProvider.dataprovider1" time="37.362" errors="0" timestamp="2026-04-20T15:26:42 IST" skipped="0">
  <testcase classname="DataProvider.dataprovider1" name="search" time="11.963"/>
  <testcase classname="DataProvider.dataprovider1" name="search" time="13.479"/>
  <testcase classname="DataProvider.dataprovider1" name="search" time="11.920"/>
</testsuite> <!-- DataProvider.dataprovider1 -->
