<?xml version="1.0" encoding="UTF-8"?>
<!-- Generated by org.testng.reporters.JUnitXMLReporter -->
<testsuite ignored="1" hostname="Tony" failures="1" tests="2" name="Default test(failed)" time="24.445" errors="0" timestamp="2026-04-22T14:39:23 IST">
  <testcase classname="NewTest" name="correct" time="2.319">
    <failure type="java.lang.AssertionError" message="expected [Welcome jeev] but found [Welcome jeevs]">
      <![CDATA[java.lang.AssertionError: expected [Welcome jeev] but found [Welcome jeevs]
at NewTest.correct(NewTest.java:41)
at java.base/java.util.ArrayList.forEach(ArrayList.java:1596)
... Removed 31 stack frames]]>
    </failure>
  </testcase> <!-- correct -->
  <testcase classname="NewTest" name="incorrect" time="1.702"/>
  <testcase classname="NewTest" name="wrong" time="0.0">
    <ignored/>
  </testcase> <!-- wrong -->
</testsuite> <!-- Default test(failed) -->
